#
# There is insufficient memory for the Java Runtime Environment to continue.
# Native memory allocation (mmap) failed to map 193273528320 bytes. Error detail: G1 virtual space
# Possible reasons:
#   The system is out of physical RAM or swap space
# Possible solutions:
#   Reduce memory load on the system
#   Increase physical memory or swap space
#   Check if swap backing store is full
#   Decrease Java heap size (-Xmx/-Xms)
#   Decrease number of Java threads
#   Decrease Java thread stack sizes (-Xss)
#   Set larger code cache with -XX:ReservedCodeCacheSize=
# This output file may be truncated or incomplete.
#
#  Out of Memory Error (os_windows.cpp:3631), pid=23748, tid=29916
#
# JRE version:  (22.0.1+8) (build )
# Java VM: OpenJDK 64-Bit Server VM (22.0.1+8-16, mixed mode, sharing, tiered, compressed class ptrs, g1 gc, windows-amd64)
# No core dump will be written. Minidumps are not enabled by default on client versions of Windows
#

---------------  S U M M A R Y ------------

Command Line: -ea -Xms180g -Xmx180g -Didea.test.cyclic.buffer.size=1048576 -javaagent:C:\Users\hpz8g402\AppData\Local\Programs\IntelliJ IDEA Ultimate\lib\idea_rt.jar=63963:C:\Users\hpz8g402\AppData\Local\Programs\IntelliJ IDEA Ultimate\bin -Dfile.encoding=UTF-8 -Dsun.stdout.encoding=UTF-8 -Dsun.stderr.encoding=UTF-8 com.intellij.rt.junit.JUnitStarter -ideVersion5 -junit5 DRootExampleTest

Host: Intel(R) Xeon(R) Gold 6148 CPU @ 2.40GHz, 40 cores, 190G,  Windows 11 , 64 bit Build 22621 (10.0.22621.3527)
Time: Sat Apr 27 01:04:24 2024 AUS Eastern Standard Time elapsed time: 0.018937 seconds (0d 0h 0m 0s)

---------------  T H R E A D  ---------------

Current thread (0x00000127025ddb80):  JavaThread "Unknown thread" [_thread_in_vm, id=29916, stack(0x0000000846300000,0x0000000846400000) (1024K)]

Stack: [0x0000000846300000,0x0000000846400000]
Native frames: (J=compiled Java code, j=interpreted, Vv=VM code, C=native code)
V  [jvm.dll+0x6e2279]  (no source info available)
V  [jvm.dll+0x874e33]  (no source info available)
V  [jvm.dll+0x87725e]  (no source info available)
V  [jvm.dll+0x877933]  (no source info available)
V  [jvm.dll+0x27fd76]  (no source info available)
V  [jvm.dll+0x6de915]  (no source info available)
V  [jvm.dll+0x6d341a]  (no source info available)
V  [jvm.dll+0x3589da]  (no source info available)
V  [jvm.dll+0x360f06]  (no source info available)
V  [jvm.dll+0x3b3e2e]  (no source info available)
V  [jvm.dll+0x3b40d8]  (no source info available)
V  [jvm.dll+0x32c59c]  (no source info available)
V  [jvm.dll+0x32d158]  (no source info available)
V  [jvm.dll+0x83ccdc]  (no source info available)
V  [jvm.dll+0x3c0d71]  (no source info available)
V  [jvm.dll+0x825ccc]  (no source info available)
V  [jvm.dll+0x45b8fe]  (no source info available)
V  [jvm.dll+0x45d781]  (no source info available)
C  [jli.dll+0x52a3]  (no source info available)
C  [ucrtbase.dll+0x29333]  (no source info available)
C  [KERNEL32.DLL+0x1257d]  (no source info available)
C  [ntdll.dll+0x5aa48]  (no source info available)


---------------  P R O C E S S  ---------------

Threads class SMR info:
_java_thread_list=0x00007ff89068b1c8, length=0, elements={
}

Java Threads: ( => current thread )
Total: 0

Other Threads:
  0x0000012702639630 WorkerThread "GC Thread#0"                     [id=21676, stack(0x0000000846400000,0x0000000846500000) (1024K)]
  0x0000012702668e90 ConcurrentGCThread "G1 MainDS Marker"            [id=16608, stack(0x0000000846500000,0x0000000846600000) (1024K)]
  0x00000127026698b0 WorkerThread "G1 Conc#0"                       [id=31876, stack(0x0000000846600000,0x0000000846700000) (1024K)]

[error occurred during error reporting (printing all threads), id 0xc0000005, EXCEPTION_ACCESS_VIOLATION (0xc0000005) at pc=0x00007ff88fddf367]
VM state: not at safepoint (not fully initialized)

VM Mutex/Monitor currently owned by a thread:  ([mutex/lock_event])
[0x00007ff89070bcb8] Heap_lock - owner thread: 0x00000127025ddb80

CDS archive(s) mapped at: [0x0000000000000000-0x0000000000000000-0x0000000000000000), size 0, SharedBaseAddress: 0x0000000800000000, ArchiveRelocationMode: 1.
Narrow klass base: 0x0000000000000000, Narrow klass shift: 0, Narrow klass range: 0x0

GC Precious Log:
 CardTable entry size: 512
 Card Set container configuration: InlinePtr #cards 3 size 8 Array Of Cards #cards 256 size 528 Howl #buckets 8 coarsen threshold 58982 Howl Bitmap #cards 8192 size 1040 coarsen threshold 7372 Card regions per heap region 1 cards per card region 65536

Heap:
 garbage-first heap   total reserved 188743680K, committed 0K, used 0K [0x0000012780000000, 0x0000015480000000)
  region size 32768K, 0 young (0K), 0 survivors (0K)

[error occurred during error reporting (printing heap information), id 0xc0000005, EXCEPTION_ACCESS_VIOLATION (0xc0000005) at pc=0x00007ff8901de429]
GC Heap History (0 events):
No events

Dll operation events (1 events):
Event: 0.009 Loaded shared library C:\Users\hpz8g402\.jdks\openjdk-22.0.1\bin\java.dll

Deoptimization events (0 events):
No events

Classes loaded (0 events):
No events

Classes unloaded (0 events):
No events

Classes redefined (0 events):
No events

Internal exceptions (0 events):
No events

ZGC Phase Switch (0 events):
No events

VM Operations (0 events):
No events

Events (0 events):
No events


Dynamic libraries:
0x00007ff7e4040000 - 0x00007ff7e404e000 	C:\Users\hpz8g402\.jdks\openjdk-22.0.1\bin\java.exe
0x00007ff909cb0000 - 0x00007ff909ec7000 	C:\WINDOWS\SYSTEM32\ntdll.dll
0x00007ff908d50000 - 0x00007ff908e14000 	C:\WINDOWS\System32\KERNEL32.DLL
0x00007ff9071b0000 - 0x00007ff907557000 	C:\WINDOWS\System32\KERNELBASE.dll
0x00007ff907770000 - 0x00007ff907881000 	C:\WINDOWS\System32\ucrtbase.dll
0x00007ff8f0170000 - 0x00007ff8f018b000 	C:\Users\hpz8g402\.jdks\openjdk-22.0.1\bin\VCRUNTIME140.dll
0x00007ff901000000 - 0x00007ff901017000 	C:\Users\hpz8g402\.jdks\openjdk-22.0.1\bin\jli.dll
0x00007ff909720000 - 0x00007ff9098ce000 	C:\WINDOWS\System32\USER32.dll
0x00007ff8e9c20000 - 0x00007ff8e9eb3000 	C:\WINDOWS\WinSxS\amd64_microsoft.windows.common-controls_6595b64144ccf1df_6.0.22621.3527_none_270e469b73872a76\COMCTL32.dll
0x00007ff907930000 - 0x00007ff907956000 	C:\WINDOWS\System32\win32u.dll
0x00007ff909670000 - 0x00007ff909717000 	C:\WINDOWS\System32\msvcrt.dll
0x00007ff909290000 - 0x00007ff9092b9000 	C:\WINDOWS\System32\GDI32.dll
0x00007ff907090000 - 0x00007ff9071a9000 	C:\WINDOWS\System32\gdi32full.dll
0x00007ff907890000 - 0x00007ff90792a000 	C:\WINDOWS\System32\msvcp_win.dll
0x00007ff907cc0000 - 0x00007ff907cf1000 	C:\WINDOWS\System32\IMM32.DLL
0x00007ff901030000 - 0x00007ff90103c000 	C:\Users\hpz8g402\.jdks\openjdk-22.0.1\bin\vcruntime140_1.dll
0x00007ff8e5610000 - 0x00007ff8e569e000 	C:\Users\hpz8g402\.jdks\openjdk-22.0.1\bin\msvcp140.dll
0x00007ff88faa0000 - 0x00007ff8907e7000 	C:\Users\hpz8g402\.jdks\openjdk-22.0.1\bin\server\jvm.dll
0x00007ff908560000 - 0x00007ff908612000 	C:\WINDOWS\System32\ADVAPI32.dll
0x00007ff9079e0000 - 0x00007ff907a88000 	C:\WINDOWS\System32\sechost.dll
0x00007ff907560000 - 0x00007ff907588000 	C:\WINDOWS\System32\bcrypt.dll
0x00007ff909500000 - 0x00007ff909615000 	C:\WINDOWS\System32\RPCRT4.dll
0x00007ff908e20000 - 0x00007ff908e91000 	C:\WINDOWS\System32\WS2_32.dll
0x00007ff905e50000 - 0x00007ff905e9d000 	C:\WINDOWS\SYSTEM32\POWRPROF.dll
0x00007ff8fea80000 - 0x00007ff8fea8a000 	C:\WINDOWS\SYSTEM32\VERSION.dll
0x00007ff900030000 - 0x00007ff900064000 	C:\WINDOWS\SYSTEM32\WINMM.dll
0x00007ff905e30000 - 0x00007ff905e43000 	C:\WINDOWS\SYSTEM32\UMPDC.dll
0x00007ff9060e0000 - 0x00007ff9060f8000 	C:\WINDOWS\SYSTEM32\kernel.appcore.dll
0x00007ff8ec8b0000 - 0x00007ff8ec8ba000 	C:\Users\hpz8g402\.jdks\openjdk-22.0.1\bin\jimage.dll
0x00007ff8fa7f0000 - 0x00007ff8faa23000 	C:\WINDOWS\SYSTEM32\DBGHELP.DLL
0x00007ff908f00000 - 0x00007ff909288000 	C:\WINDOWS\System32\combase.dll
0x00007ff909420000 - 0x00007ff9094f7000 	C:\WINDOWS\System32\OLEAUT32.dll
0x00007ff8e4fd0000 - 0x00007ff8e5002000 	C:\WINDOWS\SYSTEM32\dbgcore.DLL
0x00007ff907960000 - 0x00007ff9079d9000 	C:\WINDOWS\System32\bcryptPrimitives.dll
0x00007ff8fd0f0000 - 0x00007ff8fd0ff000 	C:\Users\hpz8g402\.jdks\openjdk-22.0.1\bin\instrument.dll
0x00007ff8e8170000 - 0x00007ff8e818e000 	C:\Users\hpz8g402\.jdks\openjdk-22.0.1\bin\java.dll
0x00007ff907d00000 - 0x00007ff90855c000 	C:\WINDOWS\System32\SHELL32.dll
0x00007ff909930000 - 0x00007ff909ad5000 	C:\WINDOWS\System32\ole32.dll

dbghelp: loaded successfully - version: 4.0.5 - missing functions: none
symbol engine: initialized successfully - sym options: 0x614 - pdb path: .;C:\Users\hpz8g402\.jdks\openjdk-22.0.1\bin;C:\WINDOWS\SYSTEM32;C:\WINDOWS\WinSxS\amd64_microsoft.windows.common-controls_6595b64144ccf1df_6.0.22621.3527_none_270e469b73872a76;C:\Users\hpz8g402\.jdks\openjdk-22.0.1\bin\server

VM Arguments:
jvm_args: -ea -Xms180g -Xmx180g -Didea.test.cyclic.buffer.size=1048576 -javaagent:C:\Users\hpz8g402\AppData\Local\Programs\IntelliJ IDEA Ultimate\lib\idea_rt.jar=63963:C:\Users\hpz8g402\AppData\Local\Programs\IntelliJ IDEA Ultimate\bin -Dfile.encoding=UTF-8 -Dsun.stdout.encoding=UTF-8 -Dsun.stderr.encoding=UTF-8 
java_command: com.intellij.rt.junit.JUnitStarter -ideVersion5 -junit5 DRootExampleTest
java_class_path (initial): C:\Users\hpz8g402\.m2\repository\org\junit\vintage\junit-vintage-engine\5.8.2\junit-vintage-engine-5.8.2.jar;C:\Users\hpz8g402\AppData\Local\Programs\IntelliJ IDEA Ultimate\lib\idea_rt.jar;C:\Users\hpz8g402\AppData\Local\Programs\IntelliJ IDEA Ultimate\plugins\junit\lib\junit5-rt.jar;C:\Users\hpz8g402\AppData\Local\Programs\IntelliJ IDEA Ultimate\plugins\junit\lib\junit-rt.jar;C:\dev3\CodeWars\target\test-classes;C:\dev3\CodeWars\target\classes;C:\Users\hpz8g402\.m2\repository\com\google\guava\guava\32.1.3-jre\guava-32.1.3-jre.jar;C:\Users\hpz8g402\.m2\repository\com\google\guava\failureaccess\1.0.1\failureaccess-1.0.1.jar;C:\Users\hpz8g402\.m2\repository\com\google\guava\listenablefuture\9999.0-empty-to-avoid-conflict-with-guava\listenablefuture-9999.0-empty-to-avoid-conflict-with-guava.jar;C:\Users\hpz8g402\.m2\repository\com\google\code\findbugs\jsr305\3.0.2\jsr305-3.0.2.jar;C:\Users\hpz8g402\.m2\repository\org\checkerframework\checker-qual\3.37.0\checker-qual-3.37.0.jar;C:\Users\hpz8g402\.m2\repository\com\google\errorprone\error_prone_annotations\2.21.1\error_prone_annotations-2.21.1.jar;C:\Users\hpz8g402\.m2\repository\com\google\j2objc\j2objc-annotations\2.8\j2objc-annotations-2.8.jar;C:\Users\hpz8g402\.m2\repository\org\junit\jupiter\junit-jupiter\5.8.2\junit-jupiter-5.8.2.jar;C:\Users\hpz8g402\.m2\repository\org\junit\jupiter\junit-jupiter-engine\5.8.2\junit-jupiter-engine-5.8.2.jar;C:\Users\hpz8g402\.m2\repository\org\junit\platform\junit-platform-engine\1.9.2\junit-platform-engine-1.9.2.jar;C:\Users\hpz8g402\.m2\repository\org\opentest4j\opentest4j\1.2.0\opentest4j-1.2.0.jar;C:\Users\hpz8g402\.m2\repository\org\junit\platform\junit-platform-commons\1.9.2\junit-platform-commons-1.9.2.jar;C:\Users\hpz8g402\.m2\repository\org\apiguardian\apiguardian-api\1.1.2\apiguardian-api-1.1.2.jar;C:\Users\hpz8g402\.m2\repository\org\junit\jupiter\junit-jupiter-api\5.8.2\junit-jupiter-api-5.8.2.jar;C:\Users\hpz8g402\.m2\repository\org\junit\platform\junit-platform-runner\1.9.2\junit-platform-runner-1.9.2.jar;C:\Users\hpz8g402\.m2\repository\junit\junit\4.13.2\junit-4.13.2.jar;C:\Users\hpz8g402\.m2\repository\org\hamcrest\hamcrest-core\1.3\hamcrest-core-1.3.jar;C:\Users\hpz8g402\.m2\repository\org\junit\platform\junit-platform-launcher\1.9.2\junit-platform-launcher-1.9.2.jar;C:\Users\hpz8g402\.m2\repository\org\junit\platform\junit-platform-suite-api\1.9.2\junit-platform-suite-api-1.9.2.jar;C:\Users\hpz8g402\.m2\repository\org\junit\platform\junit-platform-suite-commons\1.9.2\junit-platform-suite-commons-1.9.2.jar;C:\Users\hpz8g402\.m2\repository\org\junit\jupiter\junit-jupiter-params\5.8.2\junit-jupiter-params-5.8.2.jar
Launcher Type: SUN_STANDARD

[Global flags]
     intx CICompilerCount                          = 15                                        {product} {ergonomic}
     uint ConcGCThreads                            = 7                                         {product} {ergonomic}
     uint G1ConcRefinementThreads                  = 28                                        {product} {ergonomic}
   size_t G1HeapRegionSize                         = 33554432                                  {product} {ergonomic}
   size_t InitialHeapSize                          = 193273528320                              {product} {command line}
   size_t MarkStackSize                            = 4194304                                   {product} {ergonomic}
   size_t MaxHeapSize                              = 193273528320                              {product} {command line}
   size_t MinHeapDeltaBytes                        = 33554432                                  {product} {ergonomic}
   size_t MinHeapSize                              = 193273528320                              {product} {command line}
    uintx NonNMethodCodeHeapSize                   = 8192380                                {pd product} {ergonomic}
    uintx NonProfiledCodeHeapSize                  = 121732930                              {pd product} {ergonomic}
    uintx ProfiledCodeHeapSize                     = 121732930                              {pd product} {ergonomic}
    uintx ReservedCodeCacheSize                    = 251658240                              {pd product} {ergonomic}
     bool SegmentedCodeCache                       = true                                      {product} {ergonomic}
   size_t SoftMaxHeapSize                          = 193273528320                           {manageable} {ergonomic}
     bool UseG1GC                                  = true                                      {product} {ergonomic}
     bool UseLargePagesIndividualAllocation        = false                                  {pd product} {ergonomic}

Logging:
Log output configuration:
 #0: stdout all=warning uptime,level,tags foldmultilines=false
 #1: stderr all=off uptime,level,tags foldmultilines=false

Environment Variables:
PATH=C:\Program Files (x86)\Common Files\Oracle\Java\javapath;C:\WINDOWS\system32;C:\WINDOWS;C:\WINDOWS\System32\Wbem;C:\WINDOWS\System32\WindowsPowerShell\v1.0\;C:\WINDOWS\System32\OpenSSH\;C:\Program Files\Git\cmd;C:\Program Files\GitHub CLI\;C:\Program Files\dotnet\;C:\Program Files (x86)\Incredibuild;C:\Program Files (x86)\Windows Kits\10\Windows Performance Toolkit\;C:\Users\hpz8g402\AppData\Local\Microsoft\WindowsApps;C:\Users\hpz8g402\AppData\Local\JetBrains\Toolbox\scripts;C:\Users\hpz8g402\.dotnet\tools
USERNAME=hpz8g402
OS=Windows_NT
PROCESSOR_IDENTIFIER=Intel64 Family 6 Model 85 Stepping 4, GenuineIntel
TMP=C:\Users\hpz8g402\AppData\Local\Temp
TEMP=C:\Users\hpz8g402\AppData\Local\Temp




Periodic native trim disabled

---------------  S Y S T E M  ---------------

OS:
 Windows 11 , 64 bit Build 22621 (10.0.22621.3527)
OS uptime: 0 days 6:50 hours

CPU: total 40 (initial active 40) (20 cores per cpu, 2 threads per core) family 6 model 85 stepping 4 microcode 0x2007006, cx8, cmov, fxsr, ht, mmx, 3dnowpref, sse, sse2, sse3, ssse3, sse4.1, sse4.2, popcnt, lzcnt, tsc, tscinvbit, avx, avx2, aes, erms, clmul, bmi1, bmi2, rtm, adx, fma, vzeroupper, clflush, clflushopt, clwb, rdtscp, f16c, pku
Processor Information for all 40 processors :
  Max Mhz: 2394, Current Mhz: 2394, Mhz Limit: 2394

Memory: 4k page, system-wide physical 195279M (167286M free)
TotalPageFile size 222927M (AvailPageFile size 130782M)
current process WorkingSet (physical memory assigned to process): 18M, peak: 18M
current process commit charge ("private bytes"): 112M, peak: 184432M

vm_info: OpenJDK 64-Bit Server VM (22.0.1+8-16) for windows-amd64 JRE (22.0.1+8-16), built on 2024-03-12T10:33:16Z by "mach5one" with MS VC++ 17.6 (VS2022)

END.
